[debug] [2024-12-07T05:16:22.172Z] ----------------------------------------------------------------------
[debug] [2024-12-07T05:16:22.173Z] Command:       /Users/macbook/.nvm/versions/node/v20.17.0/bin/node /Users/macbook/.nvm/versions/node/v20.17.0/bin/firebase init functions
[debug] [2024-12-07T05:16:22.174Z] CLI Version:   13.28.0
[debug] [2024-12-07T05:16:22.174Z] Platform:      darwin
[debug] [2024-12-07T05:16:22.174Z] Node Version:  v20.17.0
[debug] [2024-12-07T05:16:22.174Z] Time:          Sat Dec 07 2024 10:16:22 GMT+0500 (Pakistan Standard Time)
[debug] [2024-12-07T05:16:22.174Z] ----------------------------------------------------------------------
[debug] 
[debug] [2024-12-07T05:16:22.177Z] > command requires scopes: ["email","openid","https://www.googleapis.com/auth/cloudplatformprojects.readonly","https://www.googleapis.com/auth/firebase","https://www.googleapis.com/auth/cloud-platform"]
[debug] [2024-12-07T05:16:22.177Z] > authorizing via signed-in user (mohammadfuzailzaman@gmail.com)
[info] 
     ######## #### ########  ######## ########     ###     ######  ########
     ##        ##  ##     ## ##       ##     ##  ##   ##  ##       ##
     ######    ##  ########  ######   ########  #########  ######  ######
     ##        ##  ##    ##  ##       ##     ## ##     ##       ## ##
     ##       #### ##     ## ######## ########  ##     ##  ######  ########

You're about to initialize a Firebase project in this directory:

  /Volumes/DEV/Hackathon/app_cloud_config_server

Before we get started, keep in mind:

  * You are currently outside your home directory

[info] 
=== Project Setup
[info] 
[info] First, let's associate this project directory with a Firebase project.
[info] You can create multiple project aliases by running firebase use --add, 
[info] but for now we'll just set up a default project.
[info] 
[debug] [2024-12-07T05:16:24.995Z] Checked if tokens are valid: true, expires at: 1733551842414
[debug] [2024-12-07T05:16:24.995Z] Checked if tokens are valid: true, expires at: 1733551842414
[debug] [2024-12-07T05:16:24.998Z] >>> [apiv2][query] GET https://firebase.googleapis.com/v1beta1/projects pageSize=100
[debug] [2024-12-07T05:16:25.853Z] <<< [apiv2][status] GET https://firebase.googleapis.com/v1beta1/projects 200
[debug] [2024-12-07T05:16:25.853Z] <<< [apiv2][body] GET https://firebase.googleapis.com/v1beta1/projects [omitted]
[info] i  Using project app-cloud-85563 (app-cloud-config) 
[info] 
=== Functions Setup
[debug] [2024-12-07T05:16:33.367Z] > command requires scopes: ["email","openid","https://www.googleapis.com/auth/cloudplatformprojects.readonly","https://www.googleapis.com/auth/firebase","https://www.googleapis.com/auth/cloud-platform"]
[debug] [2024-12-07T05:16:33.367Z] > authorizing via signed-in user (mohammadfuzailzaman@gmail.com)
[debug] [2024-12-07T05:16:33.368Z] [iam] checking project app-cloud-85563 for permissions ["firebase.projects.get"]
[debug] [2024-12-07T05:16:33.368Z] Checked if tokens are valid: true, expires at: 1733551842414
[debug] [2024-12-07T05:16:33.368Z] Checked if tokens are valid: true, expires at: 1733551842414
[debug] [2024-12-07T05:16:33.368Z] >>> [apiv2][query] POST https://cloudresourcemanager.googleapis.com/v1/projects/app-cloud-85563:testIamPermissions [none]
[debug] [2024-12-07T05:16:33.369Z] >>> [apiv2][(partial)header] POST https://cloudresourcemanager.googleapis.com/v1/projects/app-cloud-85563:testIamPermissions x-goog-quota-user=projects/app-cloud-85563
[debug] [2024-12-07T05:16:33.369Z] >>> [apiv2][body] POST https://cloudresourcemanager.googleapis.com/v1/projects/app-cloud-85563:testIamPermissions {"permissions":["firebase.projects.get"]}
[debug] [2024-12-07T05:16:35.046Z] <<< [apiv2][status] POST https://cloudresourcemanager.googleapis.com/v1/projects/app-cloud-85563:testIamPermissions 200
[debug] [2024-12-07T05:16:35.046Z] <<< [apiv2][body] POST https://cloudresourcemanager.googleapis.com/v1/projects/app-cloud-85563:testIamPermissions {"permissions":["firebase.projects.get"]}
[debug] [2024-12-07T05:16:35.047Z] Checked if tokens are valid: true, expires at: 1733551842414
[debug] [2024-12-07T05:16:35.047Z] Checked if tokens are valid: true, expires at: 1733551842414
[debug] [2024-12-07T05:16:35.048Z] Checked if tokens are valid: true, expires at: 1733551842414
[debug] [2024-12-07T05:16:35.048Z] Checked if tokens are valid: true, expires at: 1733551842414
[debug] [2024-12-07T05:16:35.048Z] >>> [apiv2][query] GET https://serviceusage.googleapis.com/v1/projects/app-cloud-85563/services/cloudfunctions.googleapis.com [none]
[debug] [2024-12-07T05:16:35.048Z] >>> [apiv2][(partial)header] GET https://serviceusage.googleapis.com/v1/projects/app-cloud-85563/services/cloudfunctions.googleapis.com x-goog-quota-user=projects/app-cloud-85563
[debug] [2024-12-07T05:16:35.050Z] >>> [apiv2][query] GET https://serviceusage.googleapis.com/v1/projects/app-cloud-85563/services/runtimeconfig.googleapis.com [none]
[debug] [2024-12-07T05:16:35.050Z] >>> [apiv2][(partial)header] GET https://serviceusage.googleapis.com/v1/projects/app-cloud-85563/services/runtimeconfig.googleapis.com x-goog-quota-user=projects/app-cloud-85563
[debug] [2024-12-07T05:16:36.950Z] <<< [apiv2][status] GET https://serviceusage.googleapis.com/v1/projects/app-cloud-85563/services/runtimeconfig.googleapis.com 200
[debug] [2024-12-07T05:16:36.951Z] <<< [apiv2][body] GET https://serviceusage.googleapis.com/v1/projects/app-cloud-85563/services/runtimeconfig.googleapis.com [omitted]
[debug] [2024-12-07T05:16:36.970Z] <<< [apiv2][status] GET https://serviceusage.googleapis.com/v1/projects/app-cloud-85563/services/cloudfunctions.googleapis.com 200
[debug] [2024-12-07T05:16:36.970Z] <<< [apiv2][body] GET https://serviceusage.googleapis.com/v1/projects/app-cloud-85563/services/cloudfunctions.googleapis.com [omitted]
[debug] [2024-12-07T05:16:36.971Z] Checked if tokens are valid: true, expires at: 1733551842414
[debug] [2024-12-07T05:16:36.971Z] Checked if tokens are valid: true, expires at: 1733551842414
[debug] [2024-12-07T05:16:36.971Z] >>> [apiv2][query] POST https://serviceusage.googleapis.com/v1/projects/app-cloud-85563/services/cloudfunctions.googleapis.com:enable [none]
[debug] [2024-12-07T05:16:36.971Z] >>> [apiv2][(partial)header] POST https://serviceusage.googleapis.com/v1/projects/app-cloud-85563/services/cloudfunctions.googleapis.com:enable x-goog-quota-user=projects/app-cloud-85563
[debug] [2024-12-07T05:16:38.749Z] <<< [apiv2][status] POST https://serviceusage.googleapis.com/v1/projects/app-cloud-85563/services/cloudfunctions.googleapis.com:enable 200
[debug] [2024-12-07T05:16:38.749Z] <<< [apiv2][body] POST https://serviceusage.googleapis.com/v1/projects/app-cloud-85563/services/cloudfunctions.googleapis.com:enable [omitted]
[debug] [2024-12-07T05:16:48.752Z] Checked if tokens are valid: true, expires at: 1733551842414
[debug] [2024-12-07T05:16:48.752Z] Checked if tokens are valid: true, expires at: 1733551842414
[debug] [2024-12-07T05:16:48.753Z] >>> [apiv2][query] GET https://serviceusage.googleapis.com/v1/projects/app-cloud-85563/services/cloudfunctions.googleapis.com [none]
[debug] [2024-12-07T05:16:48.753Z] >>> [apiv2][(partial)header] GET https://serviceusage.googleapis.com/v1/projects/app-cloud-85563/services/cloudfunctions.googleapis.com x-goog-quota-user=projects/app-cloud-85563
[debug] [2024-12-07T05:16:50.612Z] <<< [apiv2][status] GET https://serviceusage.googleapis.com/v1/projects/app-cloud-85563/services/cloudfunctions.googleapis.com 200
[debug] [2024-12-07T05:16:50.612Z] <<< [apiv2][body] GET https://serviceusage.googleapis.com/v1/projects/app-cloud-85563/services/cloudfunctions.googleapis.com [omitted]
[info] Let's create a new codebase for your functions.
[info] A directory corresponding to the codebase will be created in your project
[info] with sample code pre-configured.

[info] See https://firebase.google.com/docs/functions/organize-functions for
[info] more information on organizing your functions using codebases.

[info] Functions can be deployed with firebase deploy.

[info] ✔  Wrote functions/package.json 
[info] ✔  Wrote functions/.eslintrc.js 
[info] ✔  Wrote functions/index.js 
[info] ✔  Wrote functions/.gitignore 
